<?xml version="1.0" encoding="UTF-8"?>
<!-- Generated by org.testng.reporters.JUnitXMLReporter -->
<testsuite ignored="0" hostname="Anchal" failures="0" tests="5" name="Default test" time="0.105" errors="0" timestamp="2025-09-18T07:49:37 IST">
  <testcase classname="day4_180925.GroupsDemo" name="test1" time="0.016"/>
  <testcase classname="day4_180925.GroupsDemo" name="test2" time="0.001"/>
  <testcase classname="day4_180925.GroupsDemo" name="test3" time="0.001"/>
  <testcase classname="day4_180925.GroupsDemo" name="test4" time="0.003"/>
  <testcase classname="day4_180925.GroupsDemo" name="test5" time="0.002"/>
</testsuite> <!-- Default test -->
