<?xml version="1.0" encoding="UTF-8"?>
<testng-results ignored="5" total="6" passed="1" failed="0" skipped="0">
  <reporter-output>
  </reporter-output>
  <suite started-at="2025-09-19T07:40:55 IST" name="Groups" finished-at="2025-09-19T07:40:55 IST" duration-ms="64">
    <groups>
      <group name="windows.Regression">
        <method signature="GroupsDemo.test4()[pri:0, instance:day4_180925.GroupsDemo@333291e3]" name="test4" class="day4_180925.GroupsDemo"/>
      </group> <!-- windows.Regression -->
    </groups>
    <test started-at="2025-09-19T07:40:55 IST" name="Test" finished-at="2025-09-19T07:40:55 IST" duration-ms="64">
      <class name="day4_180925.GroupsDemo">
        <test-method signature="test4()[pri:0, instance:day4_180925.GroupsDemo@333291e3]" started-at="2025-09-19T07:40:55 IST" name="test4" finished-at="2025-09-19T07:40:55 IST" duration-ms="12" status="PASS">
          <reporter-output>
          </reporter-output>
        </test-method> <!-- test4 -->
      </class> <!-- day4_180925.GroupsDemo -->
    </test> <!-- Test -->
  </suite> <!-- Groups -->
</testng-results>
